{"level":"error","message":"ERROR","timestamp":"6/15/2020, 13:27:58"}
{"level":"info","message":"INFO","timestamp":"6/15/2020, 13:27:58"}
{"level":"warn","message":"WARN","timestamp":"6/15/2020, 13:27:58"}
{"level":"error","message":"ERROR","timestamp":"6/15/2020, 13:27:58"}
{"level":"info","message":"INFO","timestamp":"6/15/2020, 13:27:58"}
{"level":"warn","message":"WARN","timestamp":"6/15/2020, 13:27:58"}
{"level":"error","message":"ERROR","timestamp":"6/15/2020, 13:29:33"}
{"level":"info","message":"INFO","timestamp":"6/15/2020, 13:29:33"}
{"level":"warn","message":"WARN","timestamp":"6/15/2020, 13:29:33"}
{"level":"error","message":"ERROR","timestamp":"6/15/2020, 13:29:33"}
{"level":"info","message":"INFO","timestamp":"6/15/2020, 13:29:33"}
{"level":"warn","message":"WARN","timestamp":"6/15/2020, 13:29:33"}
{"level":"error","message":"ERROR","timestamp":"6/15/2020, 13:29:33"}
{"level":"info","message":"INFO","timestamp":"6/15/2020, 13:29:33"}
{"level":"warn","message":"WARN","timestamp":"6/15/2020, 13:29:33"}
{"level":"error","message":"ERROR","timestamp":"6/15/2020, 13:29:51"}
{"level":"info","message":"INFO","timestamp":"6/15/2020, 13:29:51"}
{"level":"warn","message":"WARN","timestamp":"6/15/2020, 13:29:51"}
{"level":"error","message":"ERROR","timestamp":"6/15/2020, 13:29:52"}
{"level":"info","message":"INFO","timestamp":"6/15/2020, 13:29:52"}
{"level":"warn","message":"WARN","timestamp":"6/15/2020, 13:29:52"}
{"level":"error","message":"ERROR","timestamp":"6/15/2020, 13:30:33"}
{"level":"info","message":"INFO","timestamp":"6/15/2020, 13:30:33"}
{"level":"warn","message":"WARN","timestamp":"6/15/2020, 13:30:33"}
{"level":"error","message":"ERROR","timestamp":"6/15/2020, 13:30:34"}
{"level":"info","message":"INFO","timestamp":"6/15/2020, 13:30:34"}
{"level":"warn","message":"WARN","timestamp":"6/15/2020, 13:30:34"}
{"level":"error","message":"ERROR","timestamp":"6/15/2020, 13:30:34"}
{"level":"info","message":"INFO","timestamp":"6/15/2020, 13:30:34"}
{"level":"warn","message":"WARN","timestamp":"6/15/2020, 13:30:34"}
{"level":"error","message":"ERROR","timestamp":"6/15/2020, 13:32:17"}
{"level":"info","message":"INFO","timestamp":"6/15/2020, 13:32:17"}
{"level":"warn","message":"WARN","timestamp":"6/15/2020, 13:32:17"}
{"level":"debug","message":"DEBUG","timestamp":"6/15/2020, 13:32:17"}
{"level":"error","message":"ERROR","timestamp":"6/15/2020, 13:32:17"}
{"level":"info","message":"INFO","timestamp":"6/15/2020, 13:32:17"}
{"level":"warn","message":"WARN","timestamp":"6/15/2020, 13:32:17"}
{"level":"debug","message":"DEBUG","timestamp":"6/15/2020, 13:32:17"}
{"level":"error","message":"ERROR","timestamp":"6/15/2020, 13:32:18"}
{"level":"info","message":"INFO","timestamp":"6/15/2020, 13:32:18"}
{"level":"warn","message":"WARN","timestamp":"6/15/2020, 13:32:18"}
{"level":"debug","message":"DEBUG","timestamp":"6/15/2020, 13:32:18"}
{"level":"error","message":"ERROR","timestamp":"6/15/2020, 13:32:48"}
{"level":"info","message":"INFO","timestamp":"6/15/2020, 13:32:48"}
{"level":"warn","message":"WARN","timestamp":"6/15/2020, 13:32:48"}
{"level":"debug","message":"DEBUG","timestamp":"6/15/2020, 13:32:48"}
{"level":"error","message":"ERROR","timestamp":"6/15/2020, 13:32:48"}
{"level":"info","message":"INFO","timestamp":"6/15/2020, 13:32:49"}
{"level":"warn","message":"WARN","timestamp":"6/15/2020, 13:32:49"}
{"level":"debug","message":"DEBUG","timestamp":"6/15/2020, 13:32:49"}
{"level":"error","message":"ERROR","timestamp":"6/15/2020, 13:33:29"}
{"level":"info","message":"INFO","timestamp":"6/15/2020, 13:33:29"}
{"level":"warn","message":"WARN","timestamp":"6/15/2020, 13:33:29"}
{"level":"debug","message":"DEBUG","timestamp":"6/15/2020, 13:33:29"}
{"level":"error","message":"ERROR","timestamp":"6/15/2020, 13:33:29"}
{"level":"info","message":"INFO","timestamp":"6/15/2020, 13:33:29"}
{"level":"warn","message":"WARN","timestamp":"6/15/2020, 13:33:29"}
{"level":"debug","message":"DEBUG","timestamp":"6/15/2020, 13:33:29"}
{"level":"error","message":"ERROR","timestamp":"6/15/2020, 13:33:29"}
{"level":"info","message":"INFO","timestamp":"6/15/2020, 13:33:29"}
{"level":"warn","message":"WARN","timestamp":"6/15/2020, 13:33:29"}
{"level":"debug","message":"DEBUG","timestamp":"6/15/2020, 13:33:29"}
{"level":"error","message":"ERROR","timestamp":"6/15/2020, 14:10:41"}
{"level":"info","message":"INFO","timestamp":"6/15/2020, 14:10:41"}
{"level":"warn","message":"WARN","timestamp":"6/15/2020, 14:10:41"}
{"level":"error","message":"ERROR","timestamp":"6/15/2020, 14:10:41"}
{"level":"info","message":"INFO","timestamp":"6/15/2020, 14:10:41"}
{"level":"warn","message":"WARN","timestamp":"6/15/2020, 14:10:41"}
{"level":"error","message":"Error from Boundary","timestamp":"6/15/2020, 14:10:41"}
{"level":"error","message":"Error from Boundary","timestamp":"6/15/2020, 14:10:41"}
{"level":"error","message":"ERROR","timestamp":"6/15/2020, 14:43:19"}
{"level":"info","message":"INFO","timestamp":"6/15/2020, 14:43:19"}
{"level":"warn","message":"WARN","timestamp":"6/15/2020, 14:43:19"}
{"level":"error","message":"ERROR","timestamp":"6/15/2020, 14:43:19"}
{"level":"info","message":"INFO","timestamp":"6/15/2020, 14:43:19"}
{"level":"warn","message":"WARN","timestamp":"6/15/2020, 14:43:19"}
{"level":"error","message":"ERROR","timestamp":"6/15/2020, 14:43:35"}
{"level":"info","message":"INFO","timestamp":"6/15/2020, 14:43:35"}
{"level":"warn","message":"WARN","timestamp":"6/15/2020, 14:43:35"}
{"level":"error","message":"ERROR","timestamp":"6/15/2020, 14:43:35"}
{"level":"info","message":"INFO","timestamp":"6/15/2020, 14:43:35"}
{"level":"warn","message":"WARN","timestamp":"6/15/2020, 14:43:35"}
{"level":"error","message":"ERROR","timestamp":"6/15/2020, 14:43:46"}
{"level":"info","message":"INFO","timestamp":"6/15/2020, 14:43:46"}
{"level":"warn","message":"WARN","timestamp":"6/15/2020, 14:43:46"}
{"level":"error","message":"ERROR","timestamp":"6/15/2020, 14:43:46"}
{"level":"info","message":"INFO","timestamp":"6/15/2020, 14:43:46"}
{"level":"warn","message":"WARN","timestamp":"6/15/2020, 14:43:46"}
{"level":"error","message":"ERROR","timestamp":"6/15/2020, 14:47:49"}
{"level":"info","message":"INFO","timestamp":"6/15/2020, 14:47:49"}
{"level":"warn","message":"WARN","timestamp":"6/15/2020, 14:47:49"}
{"level":"debug","message":"DEBUG","timestamp":"6/15/2020, 14:47:49"}
{"level":"error","message":"ERROR","timestamp":"6/15/2020, 14:47:49"}
{"level":"info","message":"INFO","timestamp":"6/15/2020, 14:47:49"}
{"level":"warn","message":"WARN","timestamp":"6/15/2020, 14:47:49"}
{"level":"debug","message":"DEBUG","timestamp":"6/15/2020, 14:47:49"}
{"level":"error","message":"ERROR","timestamp":"6/15/2020, 14:47:56"}
{"level":"info","message":"INFO","timestamp":"6/15/2020, 14:47:56"}
{"level":"warn","message":"WARN","timestamp":"6/15/2020, 14:47:56"}
{"level":"error","message":"ERROR","timestamp":"6/15/2020, 15:24:46"}
{"level":"info","message":"INFO","timestamp":"6/15/2020, 15:24:46"}
{"level":"warn","message":"WARN","timestamp":"6/15/2020, 15:24:46"}
{"level":"debug","message":"DEBUG","timestamp":"6/15/2020, 15:24:46"}
{"level":"error","message":"ERROR","timestamp":"6/15/2020, 15:38:19"}
{"level":"info","message":"INFO","timestamp":"6/15/2020, 15:38:19"}
{"level":"warn","message":"WARN","timestamp":"6/15/2020, 15:38:19"}
{"level":"debug","message":"DEBUG","timestamp":"6/15/2020, 15:38:19"}
{"level":"error","message":"ERROR","timestamp":"6/15/2020, 15:38:41"}
{"level":"info","message":"INFO","timestamp":"6/15/2020, 15:38:41"}
{"level":"warn","message":"WARN","timestamp":"6/15/2020, 15:38:41"}
{"level":"error","message":"ERROR","timestamp":"6/15/2020, 15:39:45"}
{"level":"info","message":"INFO","timestamp":"6/15/2020, 15:39:45"}
{"level":"warn","message":"WARN","timestamp":"6/15/2020, 15:39:45"}
{"level":"debug","message":"DEBUG","timestamp":"6/15/2020, 15:39:45"}
