{"message":"ERROR","level":"error","timestamp":"6/5/2020, 11:16:09"}
{"message":"INFO","level":"info","timestamp":"6/5/2020, 11:16:09"}
{"message":"WARN","level":"warn","timestamp":"6/5/2020, 11:16:09"}
{"message":"ERROR","level":"error","timestamp":"6/5/2020, 11:16:09"}
{"message":"INFO","level":"info","timestamp":"6/5/2020, 11:16:09"}
{"message":"ERROR","level":"error","timestamp":"6/5/2020, 11:18:47"}
{"message":"INFO","level":"info","timestamp":"6/5/2020, 11:18:47"}
{"message":"WARN","level":"warn","timestamp":"6/5/2020, 11:18:47"}
{"message":"ERROR","level":"error","timestamp":"6/5/2020, 11:18:47"}
{"message":"INFO","level":"info","timestamp":"6/5/2020, 11:18:47"}
{"message":"ERROR","level":"error","timestamp":"6/5/2020, 11:25:13"}
{"message":"INFO","level":"info","timestamp":"6/5/2020, 11:25:13"}
{"message":"WARN","level":"warn","timestamp":"6/5/2020, 11:25:13"}
{"message":"ERROR","level":"error","timestamp":"6/5/2020, 11:25:13"}
{"message":"INFO","level":"info","timestamp":"6/5/2020, 11:25:13"}
{"message":"ERROR","level":"error","timestamp":"6/5/2020, 11:33:21"}
{"message":"INFO","level":"info","timestamp":"6/5/2020, 11:33:21"}
{"message":"WARN","level":"warn","timestamp":"6/5/2020, 11:33:21"}
{"message":"ERROR","level":"error","timestamp":"6/5/2020, 11:33:21"}
{"message":"ERROR","level":"error","timestamp":"6/5/2020, 11:34:08"}
{"message":"INFO","level":"info","timestamp":"6/5/2020, 11:34:08"}
{"message":"WARN","level":"warn","timestamp":"6/5/2020, 11:34:08"}
{"message":"ERROR","level":"error","timestamp":"6/5/2020, 11:34:08"}
{"message":"ERROR","level":"error","timestamp":"6/5/2020, 11:34:36"}
{"message":"INFO","level":"info","timestamp":"6/5/2020, 11:34:36"}
{"message":"WARN","level":"warn","timestamp":"6/5/2020, 11:34:36"}
{"message":"ERROR","level":"error","timestamp":"6/5/2020, 11:34:36"}
{"message":"ERROR","level":"error","timestamp":"6/5/2020, 11:39:02"}
{"message":"INFO","level":"info","timestamp":"6/5/2020, 11:39:02"}
{"message":"WARN","level":"warn","timestamp":"6/5/2020, 11:39:02"}
{"message":"ERROR","level":"error","timestamp":"6/5/2020, 11:39:02"}
{"level":"error","message":"ERROR","timestamp":"6/5/2020, 11:43:46"}
{"level":"info","message":"INFO","timestamp":"6/5/2020, 11:43:46"}
{"level":"warn","message":"WARN","timestamp":"6/5/2020, 11:43:46"}
{"level":"debug","message":"DEBUG","timestamp":"6/5/2020, 11:43:46"}
{"level":"error","message":"ERROR","timestamp":"6/5/2020, 11:43:47"}
{"level":"info","message":"INFO","timestamp":"6/5/2020, 11:43:47"}
{"level":"warn","message":"WARN","timestamp":"6/5/2020, 11:43:47"}
{"level":"debug","message":"DEBUG","timestamp":"6/5/2020, 11:43:47"}
{"level":"error","message":"ERROR","timestamp":"6/5/2020, 11:43:47"}
{"level":"info","message":"INFO","timestamp":"6/5/2020, 11:43:47"}
{"level":"warn","message":"WARN","timestamp":"6/5/2020, 11:43:47"}
{"level":"debug","message":"DEBUG","timestamp":"6/5/2020, 11:43:47"}
{"level":"error","message":"ERROR","timestamp":"6/5/2020, 11:43:47"}
{"level":"info","message":"INFO","timestamp":"6/5/2020, 11:43:47"}
{"level":"warn","message":"WARN","timestamp":"6/5/2020, 11:43:47"}
{"level":"debug","message":"DEBUG","timestamp":"6/5/2020, 11:43:47"}
{"level":"error","message":"ERROR","timestamp":"6/5/2020, 11:44:41"}
{"level":"error","message":"ERROR","timestamp":"6/5/2020, 11:44:41"}
{"level":"error","message":"ERROR","timestamp":"6/5/2020, 11:44:41"}
{"level":"error","message":"ERROR","timestamp":"6/5/2020, 11:45:12"}
{"level":"error","message":"ERROR","timestamp":"6/5/2020, 11:45:12"}
{"level":"error","message":"ERROR","timestamp":"6/5/2020, 11:45:12"}
{"level":"error","message":"ERROR","timestamp":"6/5/2020, 11:45:13"}
{"level":"error","message":"ERROR","timestamp":"6/5/2020, 11:45:36"}
{"level":"info","message":"INFO","timestamp":"6/5/2020, 11:45:36"}
{"level":"warn","message":"WARN","timestamp":"6/5/2020, 11:45:36"}
{"level":"debug","message":"DEBUG","timestamp":"6/5/2020, 11:45:36"}
{"level":"error","message":"ERROR","timestamp":"6/5/2020, 11:45:36"}
{"level":"info","message":"INFO","timestamp":"6/5/2020, 11:45:36"}
{"level":"warn","message":"WARN","timestamp":"6/5/2020, 11:45:36"}
{"level":"debug","message":"DEBUG","timestamp":"6/5/2020, 11:45:36"}
{"level":"error","message":"ERROR","timestamp":"6/5/2020, 11:45:36"}
{"level":"info","message":"INFO","timestamp":"6/5/2020, 11:45:36"}
{"level":"warn","message":"WARN","timestamp":"6/5/2020, 11:45:36"}
{"level":"debug","message":"DEBUG","timestamp":"6/5/2020, 11:45:36"}
{"level":"error","message":"ERROR","timestamp":"6/5/2020, 11:47:02"}
{"level":"info","message":"INFO","timestamp":"6/5/2020, 11:47:02"}
{"level":"warn","message":"WARN","timestamp":"6/5/2020, 11:47:02"}
{"level":"debug","message":"DEBUG","timestamp":"6/5/2020, 11:47:02"}
{"level":"error","message":"ERROR","timestamp":"6/5/2020, 11:47:43"}
{"level":"info","message":"INFO","timestamp":"6/5/2020, 11:47:43"}
{"level":"warn","message":"WARN","timestamp":"6/5/2020, 11:47:43"}
{"level":"debug","message":"DEBUG","timestamp":"6/5/2020, 11:47:43"}
{"level":"error","message":"ERROR","timestamp":"6/5/2020, 11:49:48"}
{"level":"info","message":"INFO","timestamp":"6/5/2020, 11:49:48"}
{"level":"warn","message":"WARN","timestamp":"6/5/2020, 11:49:48"}
{"level":"debug","message":"DEBUG","timestamp":"6/5/2020, 11:49:48"}
{"level":"error","message":"ERROR","timestamp":"6/5/2020, 11:56:55"}
{"level":"info","message":"INFO","timestamp":"6/5/2020, 11:56:55"}
{"level":"warn","message":"WARN","timestamp":"6/5/2020, 11:56:55"}
{"level":"error","message":"ERROR","timestamp":"6/5/2020, 11:56:56"}
{"level":"info","message":"INFO","timestamp":"6/5/2020, 11:56:56"}
{"level":"warn","message":"WARN","timestamp":"6/5/2020, 11:56:56"}
{"level":"error","message":"ERROR","timestamp":"6/5/2020, 11:57:46"}
{"level":"info","message":"INFO","timestamp":"6/5/2020, 11:57:46"}
{"level":"warn","message":"WARN","timestamp":"6/5/2020, 11:57:46"}
{"level":"error","message":"ERROR","timestamp":"6/5/2020, 11:58:04"}
{"level":"info","message":"INFO","timestamp":"6/5/2020, 11:58:04"}
{"level":"warn","message":"WARN","timestamp":"6/5/2020, 11:58:04"}
{"level":"debug","message":"DEBUG","timestamp":"6/5/2020, 11:58:04"}
