{"level":"error","message":"HATATAAA","timestamp":"5/29/2020, 11:40:58"}
{"level":"info","message":"ınfooo","timestamp":"5/29/2020, 11:40:58"}
{"level":"error","message":"HATATAAA","timestamp":"5/29/2020, 11:40:58"}
{"level":"info","message":"ınfooo","timestamp":"5/29/2020, 11:40:58"}
{"level":"error","message":"HATATAAA","timestamp":"5/29/2020, 11:40:58"}
{"level":"info","message":"ınfooo","timestamp":"5/29/2020, 11:40:58"}
{"level":"error","message":"HATATAAA","timestamp":"5/29/2020, 11:40:58"}
{"level":"info","message":"ınfooo","timestamp":"5/29/2020, 11:40:58"}
{"level":"error","message":"HATATAAA","timestamp":"5/29/2020, 11:40:58"}
{"level":"info","message":"ınfooo","timestamp":"5/29/2020, 11:40:59"}
{"level":"error","message":"HATATAAA","timestamp":"5/29/2020, 11:40:59"}
{"level":"info","message":"ınfooo","timestamp":"5/29/2020, 11:40:59"}
{"level":"error","message":"HATATAAA","timestamp":"5/29/2020, 11:40:59"}
{"level":"info","message":"ınfooo","timestamp":"5/29/2020, 11:40:59"}
{"level":"error","message":"HATATAAA","timestamp":"5/29/2020, 11:40:59"}
{"level":"info","message":"ınfooo","timestamp":"5/29/2020, 11:40:59"}
{"level":"error","message":"HATATAAA","timestamp":"5/29/2020, 11:50:27"}
{"level":"info","message":"ınfooo","timestamp":"5/29/2020, 11:50:27"}
{"level":"error","message":"HATATAAA","timestamp":"5/29/2020, 11:50:27"}
{"level":"info","message":"ınfooo","timestamp":"5/29/2020, 11:50:27"}
{"level":"error","message":"HATATAAA","timestamp":"5/29/2020, 11:50:27"}
{"level":"info","message":"ınfooo","timestamp":"5/29/2020, 11:50:27"}
{"level":"error","message":"HATATAAA","timestamp":"5/29/2020, 14:54:40"}
{"level":"info","message":"ınfooo","timestamp":"5/29/2020, 14:54:40"}
{"level":"error","message":"HATATAAA","timestamp":"5/29/2020, 14:54:40"}
{"level":"info","message":"ınfooo","timestamp":"5/29/2020, 14:54:40"}
{"level":"error","message":"HATATAAA","timestamp":"5/29/2020, 14:54:41"}
{"level":"info","message":"ınfooo","timestamp":"5/29/2020, 14:54:41"}
{"level":"error","message":"HATATAAA","timestamp":"5/29/2020, 14:54:41"}
{"level":"info","message":"ınfooo","timestamp":"5/29/2020, 14:54:41"}
{"level":"error","message":"HATATAAA","timestamp":"5/29/2020, 14:59:42"}
{"level":"info","message":"ınfooo","timestamp":"5/29/2020, 14:59:42"}
{"level":"error","message":"HATATAAA","timestamp":"5/29/2020, 14:59:42"}
{"level":"info","message":"ınfooo","timestamp":"5/29/2020, 14:59:42"}
{"level":"error","message":"HATATAAA","timestamp":"5/29/2020, 14:59:43"}
{"level":"info","message":"ınfooo","timestamp":"5/29/2020, 14:59:43"}
{"level":"error","message":"HATATAAA","timestamp":"5/29/2020, 14:59:43"}
{"level":"info","message":"ınfooo","timestamp":"5/29/2020, 14:59:43"}
{"level":"error","message":"HATATAAA","timestamp":"5/29/2020, 14:59:43"}
{"level":"info","message":"ınfooo","timestamp":"5/29/2020, 14:59:43"}
{"level":"error","message":"HATATAAA","timestamp":"5/29/2020, 14:59:46"}
{"level":"info","message":"ınfooo","timestamp":"5/29/2020, 14:59:46"}
{"level":"error","message":"HATATAAA","timestamp":"5/29/2020, 22:39:37"}
{"level":"info","message":"ınfooo","timestamp":"5/29/2020, 22:39:37"}
{"level":"error","message":"HATATAAA","timestamp":"5/29/2020, 22:39:38"}
{"level":"info","message":"ınfooo","timestamp":"5/29/2020, 22:39:38"}
{"level":"error","message":"HATATAAA","timestamp":"5/29/2020, 22:39:38"}
{"level":"info","message":"ınfooo","timestamp":"5/29/2020, 22:39:38"}
{"level":"error","message":"HATATAAA","timestamp":"5/29/2020, 22:39:38"}
{"level":"info","message":"ınfooo","timestamp":"5/29/2020, 22:39:38"}
{"level":"error","message":"HATATAAA","timestamp":"5/29/2020, 22:39:38"}
{"level":"info","message":"ınfooo","timestamp":"5/29/2020, 22:39:38"}
{"level":"error","message":"HATATAAA","timestamp":"5/29/2020, 22:39:39"}
{"level":"info","message":"ınfooo","timestamp":"5/29/2020, 22:39:39"}
{"level":"error","message":"HATATAAA","timestamp":"5/29/2020, 22:39:39"}
{"level":"info","message":"ınfooo","timestamp":"5/29/2020, 22:39:39"}
{"level":"error","message":"HATATAAA","timestamp":"6/1/2020, 10:33:22"}
{"level":"info","message":"ınfooo","timestamp":"6/1/2020, 10:33:22"}
{"level":"error","message":"HATATAAA","timestamp":"6/1/2020, 10:33:22"}
{"level":"info","message":"ınfooo","timestamp":"6/1/2020, 10:33:22"}
{"level":"error","message":"HATATAAA","timestamp":"6/1/2020, 10:33:22"}
{"level":"info","message":"ınfooo","timestamp":"6/1/2020, 10:33:22"}
{"level":"error","message":"HATATAAA","timestamp":"6/1/2020, 10:33:22"}
{"level":"info","message":"ınfooo","timestamp":"6/1/2020, 10:33:22"}
{"level":"error","message":"HATATAAA","timestamp":"6/1/2020, 10:33:23"}
{"level":"info","message":"ınfooo","timestamp":"6/1/2020, 10:33:23"}
{"level":"error","message":"HATATAAA","timestamp":"6/1/2020, 10:33:23"}
{"level":"info","message":"ınfooo","timestamp":"6/1/2020, 10:33:23"}
{"level":"error","message":"HATATAAA","timestamp":"6/1/2020, 10:33:23"}
{"level":"info","message":"ınfooo","timestamp":"6/1/2020, 10:33:23"}
{"level":"error","message":"HATATAAA","timestamp":"6/1/2020, 10:33:23"}
{"level":"info","message":"ınfooo","timestamp":"6/1/2020, 10:33:23"}
{"level":"error","message":"HATATAAA","timestamp":"6/1/2020, 10:41:16"}
{"level":"info","message":"ınfooo","timestamp":"6/1/2020, 10:41:16"}
{"level":"error","message":"HATATAAA","timestamp":"6/1/2020, 10:41:16"}
{"level":"info","message":"ınfooo","timestamp":"6/1/2020, 10:41:16"}
{"level":"error","message":"HATATAAA","timestamp":"6/1/2020, 10:41:16"}
{"level":"info","message":"ınfooo","timestamp":"6/1/2020, 10:41:16"}
{"level":"error","message":"HATATAAA","timestamp":"6/1/2020, 10:41:16"}
{"level":"info","message":"ınfooo","timestamp":"6/1/2020, 10:41:16"}
{"level":"error","message":"HATATAAA","timestamp":"6/1/2020, 10:41:16"}
{"level":"info","message":"ınfooo","timestamp":"6/1/2020, 10:41:16"}
{"level":"error","message":"HATATAAA","timestamp":"6/1/2020, 10:44:51"}
{"level":"info","message":"ınfooo","timestamp":"6/1/2020, 10:44:51"}
{"level":"error","message":"HATATAAA","timestamp":"6/1/2020, 10:44:51"}
{"level":"info","message":"ınfooo","timestamp":"6/1/2020, 10:44:51"}
{"level":"error","message":"HATATAAA","timestamp":"6/1/2020, 11:38:17"}
{"level":"info","message":"ınfooo","timestamp":"6/1/2020, 11:38:17"}
{"level":"error","message":"HATATAAA","timestamp":"6/1/2020, 11:38:17"}
{"level":"info","message":"ınfooo","timestamp":"6/1/2020, 11:38:17"}
{"level":"error","message":"HATATAAA","timestamp":"6/1/2020, 11:38:17"}
{"level":"info","message":"ınfooo","timestamp":"6/1/2020, 11:38:17"}
{"level":"info","message":"ınfooo","timestamp":"6/1/2020, 11:50:11"}
{"level":"info","message":"ınfooo","timestamp":"6/1/2020, 11:50:12"}
{"level":"info","message":"ınfooo","timestamp":"6/1/2020, 11:50:12"}
{"level":"info","message":"ınfooo","timestamp":"6/1/2020, 11:50:12"}
{"level":"info","message":"ınfooo","timestamp":"6/1/2020, 11:50:12"}
{"level":"info","message":"ınfooo","timestamp":"6/1/2020, 11:50:12"}
{"level":"info","message":"ınfooo","timestamp":"6/1/2020, 11:50:12"}
{"level":"info","message":"ınfooo","timestamp":"6/1/2020, 11:50:13"}
{"level":"info","message":"ınfooo","timestamp":"6/1/2020, 11:50:13"}
{"level":"info","message":"ınfooo","timestamp":"6/1/2020, 11:50:13"}
{"level":"error","message":"HATA","timestamp":"6/1/2020, 17:39:11"}
{"level":"info","message":"INFO","timestamp":"6/1/2020, 17:39:11"}
{"level":"error","message":"HATA","timestamp":"6/1/2020, 17:39:11"}
{"level":"info","message":"INFO","timestamp":"6/1/2020, 17:39:11"}
{"level":"error","message":"ERROR","timestamp":"6/2/2020, 14:12:06"}
{"level":"info","message":"INFO","timestamp":"6/2/2020, 14:12:06"}
{"level":"error","message":"ERROR","timestamp":"6/2/2020, 14:12:06"}
{"level":"info","message":"INFO","timestamp":"6/2/2020, 14:12:06"}
{"level":"error","message":"ERROR","timestamp":"6/2/2020, 14:12:07"}
{"level":"info","message":"INFO","timestamp":"6/2/2020, 14:12:07"}
{"level":"error","message":"ERROR","timestamp":"6/2/2020, 14:12:07"}
{"level":"info","message":"INFO","timestamp":"6/2/2020, 14:12:07"}
{"level":"error","message":"ERROR","timestamp":"6/2/2020, 14:12:07"}
{"level":"info","message":"INFO","timestamp":"6/2/2020, 14:12:07"}
{"level":"error","message":"ERROR","timestamp":"6/4/2020, 13:36:41"}
{"level":"info","message":"INFO","timestamp":"6/4/2020, 13:36:41"}
{"level":"error","message":"ERROR","timestamp":"6/4/2020, 13:36:41"}
{"level":"info","message":"INFO","timestamp":"6/4/2020, 13:36:41"}
{"level":"error","message":"ERROR","timestamp":"6/4/2020, 13:36:41"}
{"level":"info","message":"INFO","timestamp":"6/4/2020, 13:36:41"}
{"level":"error","message":"ERROR","timestamp":"6/4/2020, 13:36:42"}
{"level":"info","message":"INFO","timestamp":"6/4/2020, 13:36:42"}
{"level":"error","message":"ERROR","timestamp":"6/4/2020, 13:36:42"}
{"level":"info","message":"INFO","timestamp":"6/4/2020, 13:36:42"}
{"level":"error","message":"ERROR","timestamp":"6/4/2020, 15:15:31"}
{"level":"info","message":"INFO","timestamp":"6/4/2020, 15:15:31"}
{"level":"error","message":"ERROR","timestamp":"6/4/2020, 15:15:31"}
{"level":"info","message":"INFO","timestamp":"6/4/2020, 15:15:31"}
{"level":"error","message":"ERROR","timestamp":"6/4/2020, 15:15:31"}
{"level":"info","message":"INFO","timestamp":"6/4/2020, 15:15:31"}
{"level":"error","message":"ERROR","timestamp":"6/4/2020, 15:15:31"}
{"level":"info","message":"INFO","timestamp":"6/4/2020, 15:15:31"}
{"level":"error","message":"ERROR","timestamp":"6/4/2020, 15:15:31"}
{"level":"info","message":"INFO","timestamp":"6/4/2020, 15:15:31"}
{"level":"error","message":"ERROR","timestamp":"6/4/2020, 15:15:32"}
{"level":"info","message":"INFO","timestamp":"6/4/2020, 15:15:32"}
{"level":"error","message":"ERROR","timestamp":"6/4/2020, 15:17:24"}
{"level":"info","message":"INFO","timestamp":"6/4/2020, 15:17:24"}
{"level":"error","message":"ERROR","timestamp":"6/4/2020, 15:17:24"}
{"level":"info","message":"INFO","timestamp":"6/4/2020, 15:17:24"}
{"message":"ERROR","level":"error","timestamp":"6/4/2020, 16:17:14"}
{"message":"INFO","level":"info","timestamp":"6/4/2020, 16:17:14"}
{"message":"WARN","level":"warn","timestamp":"6/4/2020, 16:17:14"}
{"message":"ERROR","level":"error","timestamp":"6/4/2020, 16:17:14"}
{"message":"INFO","level":"info","timestamp":"6/4/2020, 16:17:14"}
{"message":"WARN","level":"warn","timestamp":"6/4/2020, 16:17:14"}
{"message":"ERROR","level":"error","timestamp":"6/4/2020, 16:27:31"}
{"message":"INFO","level":"info","timestamp":"6/4/2020, 16:27:31"}
{"message":"WARN","level":"warn","timestamp":"6/4/2020, 16:27:31"}
{"message":"ERROR","level":"error","timestamp":"6/4/2020, 16:27:31"}
{"message":"INFO","level":"info","timestamp":"6/4/2020, 16:27:31"}
{"message":"ERROR","level":"error","timestamp":"6/4/2020, 16:28:04"}
{"message":"INFO","level":"info","timestamp":"6/4/2020, 16:28:04"}
{"message":"WARN","level":"warn","timestamp":"6/4/2020, 16:28:04"}
{"message":"ERROR","level":"error","timestamp":"6/4/2020, 16:28:04"}
{"message":"INFO","level":"info","timestamp":"6/4/2020, 16:28:04"}
{"message":"ERROR","level":"error","timestamp":"6/4/2020, 16:28:48"}
{"message":"INFO","level":"info","timestamp":"6/4/2020, 16:28:48"}
{"message":"WARN","level":"warn","timestamp":"6/4/2020, 16:28:48"}
{"message":"ERROR","level":"error","timestamp":"6/4/2020, 16:28:48"}
{"message":"INFO","level":"info","timestamp":"6/4/2020, 16:28:48"}
{"message":"ERROR","level":"error","timestamp":"6/4/2020, 18:00:40"}
{"message":"INFO","level":"info","timestamp":"6/4/2020, 18:00:40"}
{"message":"WARN","level":"warn","timestamp":"6/4/2020, 18:00:40"}
{"message":"ERROR","level":"error","timestamp":"6/4/2020, 18:00:40"}
{"message":"INFO","level":"info","timestamp":"6/4/2020, 18:00:40"}
{"message":"ERROR","level":"error","timestamp":"6/4/2020, 18:06:31"}
{"message":"INFO","level":"info","timestamp":"6/4/2020, 18:06:31"}
{"message":"WARN","level":"warn","timestamp":"6/4/2020, 18:06:31"}
{"message":"ERROR","level":"error","timestamp":"6/4/2020, 18:06:31"}
{"message":"INFO","level":"info","timestamp":"6/4/2020, 18:06:31"}
{"message":"ERROR","level":"error","timestamp":"6/4/2020, 18:10:16"}
{"message":"INFO","level":"info","timestamp":"6/4/2020, 18:10:16"}
{"message":"WARN","level":"warn","timestamp":"6/4/2020, 18:10:16"}
{"message":"ERROR","level":"error","timestamp":"6/4/2020, 18:10:16"}
{"message":"INFO","level":"info","timestamp":"6/4/2020, 18:10:16"}
{"message":"ERROR","level":"error","timestamp":"6/4/2020, 18:12:56"}
{"message":"INFO","level":"info","timestamp":"6/4/2020, 18:12:56"}
{"message":"WARN","level":"warn","timestamp":"6/4/2020, 18:12:56"}
{"message":"ERROR","level":"error","timestamp":"6/4/2020, 18:12:56"}
{"message":"INFO","level":"info","timestamp":"6/4/2020, 18:12:56"}
{"message":"ERROR","level":"error","timestamp":"6/4/2020, 18:13:49"}
{"message":"INFO","level":"info","timestamp":"6/4/2020, 18:13:49"}
{"message":"WARN","level":"warn","timestamp":"6/4/2020, 18:13:49"}
{"message":"ERROR","level":"error","timestamp":"6/4/2020, 18:13:49"}
{"message":"INFO","level":"info","timestamp":"6/4/2020, 18:13:49"}
{"message":"ERROR","level":"error","timestamp":"6/4/2020, 18:14:03"}
{"message":"INFO","level":"info","timestamp":"6/4/2020, 18:14:03"}
{"message":"WARN","level":"warn","timestamp":"6/4/2020, 18:14:03"}
{"message":"ERROR","level":"error","timestamp":"6/4/2020, 18:14:03"}
{"message":"INFO","level":"info","timestamp":"6/4/2020, 18:14:03"}
{"message":"ERROR","level":"error","timestamp":"6/5/2020, 11:16:09"}
{"message":"INFO","level":"info","timestamp":"6/5/2020, 11:16:09"}
{"message":"WARN","level":"warn","timestamp":"6/5/2020, 11:16:09"}
{"message":"ERROR","level":"error","timestamp":"6/5/2020, 11:16:09"}
{"message":"INFO","level":"info","timestamp":"6/5/2020, 11:16:09"}
{"message":"ERROR","level":"error","timestamp":"6/5/2020, 11:18:47"}
{"message":"INFO","level":"info","timestamp":"6/5/2020, 11:18:47"}
{"message":"WARN","level":"warn","timestamp":"6/5/2020, 11:18:47"}
{"message":"ERROR","level":"error","timestamp":"6/5/2020, 11:18:47"}
{"message":"INFO","level":"info","timestamp":"6/5/2020, 11:18:47"}
{"message":"ERROR","level":"error","timestamp":"6/5/2020, 11:25:13"}
{"message":"INFO","level":"info","timestamp":"6/5/2020, 11:25:13"}
{"message":"WARN","level":"warn","timestamp":"6/5/2020, 11:25:13"}
{"message":"ERROR","level":"error","timestamp":"6/5/2020, 11:25:13"}
{"message":"INFO","level":"info","timestamp":"6/5/2020, 11:25:13"}
{"message":"ERROR","level":"error","timestamp":"6/5/2020, 11:33:21"}
{"message":"INFO","level":"info","timestamp":"6/5/2020, 11:33:21"}
{"message":"WARN","level":"warn","timestamp":"6/5/2020, 11:33:21"}
{"message":"ERROR","level":"error","timestamp":"6/5/2020, 11:33:21"}
{"message":"ERROR","level":"error","timestamp":"6/5/2020, 11:34:08"}
{"message":"INFO","level":"info","timestamp":"6/5/2020, 11:34:08"}
{"message":"WARN","level":"warn","timestamp":"6/5/2020, 11:34:08"}
{"message":"ERROR","level":"error","timestamp":"6/5/2020, 11:34:08"}
{"message":"ERROR","level":"error","timestamp":"6/5/2020, 11:34:36"}
{"message":"INFO","level":"info","timestamp":"6/5/2020, 11:34:36"}
{"message":"WARN","level":"warn","timestamp":"6/5/2020, 11:34:36"}
{"message":"ERROR","level":"error","timestamp":"6/5/2020, 11:34:36"}
{"message":"ERROR","level":"error","timestamp":"6/5/2020, 11:39:02"}
{"message":"INFO","level":"info","timestamp":"6/5/2020, 11:39:02"}
{"message":"WARN","level":"warn","timestamp":"6/5/2020, 11:39:02"}
{"message":"ERROR","level":"error","timestamp":"6/5/2020, 11:39:02"}
{"level":"error","message":"ERROR","timestamp":"6/5/2020, 11:43:46"}
{"level":"info","message":"INFO","timestamp":"6/5/2020, 11:43:46"}
{"level":"warn","message":"WARN","timestamp":"6/5/2020, 11:43:46"}
{"level":"debug","message":"DEBUG","timestamp":"6/5/2020, 11:43:46"}
{"level":"error","message":"ERROR","timestamp":"6/5/2020, 11:43:47"}
{"level":"info","message":"INFO","timestamp":"6/5/2020, 11:43:47"}
{"level":"warn","message":"WARN","timestamp":"6/5/2020, 11:43:47"}
{"level":"debug","message":"DEBUG","timestamp":"6/5/2020, 11:43:47"}
{"level":"error","message":"ERROR","timestamp":"6/5/2020, 11:43:47"}
{"level":"info","message":"INFO","timestamp":"6/5/2020, 11:43:47"}
{"level":"warn","message":"WARN","timestamp":"6/5/2020, 11:43:47"}
{"level":"debug","message":"DEBUG","timestamp":"6/5/2020, 11:43:47"}
{"level":"error","message":"ERROR","timestamp":"6/5/2020, 11:43:47"}
{"level":"info","message":"INFO","timestamp":"6/5/2020, 11:43:47"}
{"level":"warn","message":"WARN","timestamp":"6/5/2020, 11:43:47"}
{"level":"debug","message":"DEBUG","timestamp":"6/5/2020, 11:43:47"}
{"level":"error","message":"ERROR","timestamp":"6/5/2020, 11:44:41"}
{"level":"error","message":"ERROR","timestamp":"6/5/2020, 11:44:41"}
{"level":"error","message":"ERROR","timestamp":"6/5/2020, 11:44:41"}
{"level":"error","message":"ERROR","timestamp":"6/5/2020, 11:45:12"}
{"level":"error","message":"ERROR","timestamp":"6/5/2020, 11:45:12"}
{"level":"error","message":"ERROR","timestamp":"6/5/2020, 11:45:12"}
{"level":"error","message":"ERROR","timestamp":"6/5/2020, 11:45:13"}
{"level":"error","message":"ERROR","timestamp":"6/5/2020, 11:45:36"}
{"level":"info","message":"INFO","timestamp":"6/5/2020, 11:45:36"}
{"level":"warn","message":"WARN","timestamp":"6/5/2020, 11:45:36"}
{"level":"debug","message":"DEBUG","timestamp":"6/5/2020, 11:45:36"}
{"level":"error","message":"ERROR","timestamp":"6/5/2020, 11:45:36"}
{"level":"info","message":"INFO","timestamp":"6/5/2020, 11:45:36"}
{"level":"warn","message":"WARN","timestamp":"6/5/2020, 11:45:36"}
{"level":"debug","message":"DEBUG","timestamp":"6/5/2020, 11:45:36"}
{"level":"error","message":"ERROR","timestamp":"6/5/2020, 11:45:36"}
{"level":"info","message":"INFO","timestamp":"6/5/2020, 11:45:36"}
{"level":"warn","message":"WARN","timestamp":"6/5/2020, 11:45:36"}
{"level":"debug","message":"DEBUG","timestamp":"6/5/2020, 11:45:36"}
{"level":"error","message":"ERROR","timestamp":"6/5/2020, 11:47:02"}
{"level":"info","message":"INFO","timestamp":"6/5/2020, 11:47:02"}
{"level":"warn","message":"WARN","timestamp":"6/5/2020, 11:47:02"}
{"level":"debug","message":"DEBUG","timestamp":"6/5/2020, 11:47:02"}
{"level":"error","message":"ERROR","timestamp":"6/5/2020, 11:47:43"}
{"level":"info","message":"INFO","timestamp":"6/5/2020, 11:47:43"}
{"level":"warn","message":"WARN","timestamp":"6/5/2020, 11:47:43"}
{"level":"debug","message":"DEBUG","timestamp":"6/5/2020, 11:47:43"}
{"level":"error","message":"ERROR","timestamp":"6/5/2020, 11:49:48"}
{"level":"info","message":"INFO","timestamp":"6/5/2020, 11:49:48"}
{"level":"warn","message":"WARN","timestamp":"6/5/2020, 11:49:48"}
{"level":"debug","message":"DEBUG","timestamp":"6/5/2020, 11:49:48"}
{"level":"error","message":"ERROR","timestamp":"6/5/2020, 11:56:55"}
{"level":"info","message":"INFO","timestamp":"6/5/2020, 11:56:55"}
{"level":"warn","message":"WARN","timestamp":"6/5/2020, 11:56:55"}
{"level":"error","message":"ERROR","timestamp":"6/5/2020, 11:56:56"}
{"level":"info","message":"INFO","timestamp":"6/5/2020, 11:56:56"}
{"level":"warn","message":"WARN","timestamp":"6/5/2020, 11:56:56"}
{"level":"error","message":"ERROR","timestamp":"6/5/2020, 11:57:46"}
{"level":"info","message":"INFO","timestamp":"6/5/2020, 11:57:46"}
{"level":"warn","message":"WARN","timestamp":"6/5/2020, 11:57:46"}
{"level":"error","message":"ERROR","timestamp":"6/5/2020, 11:58:04"}
{"level":"info","message":"INFO","timestamp":"6/5/2020, 11:58:04"}
{"level":"warn","message":"WARN","timestamp":"6/5/2020, 11:58:04"}
{"level":"debug","message":"DEBUG","timestamp":"6/5/2020, 11:58:04"}
{"level":"error","message":"ERROR","timestamp":"6/9/2020, 17:32:42"}
{"level":"info","message":"INFO","timestamp":"6/9/2020, 17:32:42"}
{"level":"warn","message":"WARN","timestamp":"6/9/2020, 17:32:42"}
{"level":"error","message":"ERROR","timestamp":"6/9/2020, 17:32:42"}
{"level":"info","message":"INFO","timestamp":"6/9/2020, 17:32:42"}
{"level":"warn","message":"WARN","timestamp":"6/9/2020, 17:32:42"}
{"level":"error","message":"ERROR","timestamp":"6/9/2020, 17:32:43"}
{"level":"info","message":"INFO","timestamp":"6/9/2020, 17:32:43"}
{"level":"warn","message":"WARN","timestamp":"6/9/2020, 17:32:43"}
{"level":"error","message":"ERROR","timestamp":"6/9/2020, 17:32:43"}
{"level":"info","message":"INFO","timestamp":"6/9/2020, 17:32:43"}
{"level":"warn","message":"WARN","timestamp":"6/9/2020, 17:32:43"}
{"level":"error","message":"ERROR","timestamp":"6/9/2020, 17:32:43"}
{"level":"info","message":"INFO","timestamp":"6/9/2020, 17:32:43"}
{"level":"warn","message":"WARN","timestamp":"6/9/2020, 17:32:43"}
{"level":"error","message":"Error from Boundary","timestamp":"6/9/2020, 17:32:43"}
{"level":"error","message":"Error from Boundary","timestamp":"6/9/2020, 17:32:43"}
{"level":"error","message":"ERROR","timestamp":"6/9/2020, 17:32:48"}
{"level":"info","message":"INFO","timestamp":"6/9/2020, 17:32:48"}
{"level":"warn","message":"WARN","timestamp":"6/9/2020, 17:32:48"}
{"level":"error","message":"ERROR","timestamp":"6/9/2020, 17:32:48"}
{"level":"info","message":"INFO","timestamp":"6/9/2020, 17:32:48"}
{"level":"warn","message":"WARN","timestamp":"6/9/2020, 17:32:48"}
{"level":"error","message":"ERROR","timestamp":"6/9/2020, 17:32:49"}
{"level":"info","message":"INFO","timestamp":"6/9/2020, 17:32:49"}
{"level":"warn","message":"WARN","timestamp":"6/9/2020, 17:32:49"}
{"level":"error","message":"ERROR","timestamp":"6/9/2020, 17:32:49"}
{"level":"info","message":"INFO","timestamp":"6/9/2020, 17:32:49"}
{"level":"warn","message":"WARN","timestamp":"6/9/2020, 17:32:49"}
{"level":"error","message":"ERROR","timestamp":"6/9/2020, 17:35:09"}
{"level":"info","message":"INFO","timestamp":"6/9/2020, 17:35:09"}
{"level":"warn","message":"WARN","timestamp":"6/9/2020, 17:35:09"}
{"level":"error","message":"ERROR","timestamp":"6/9/2020, 17:35:09"}
{"level":"info","message":"INFO","timestamp":"6/9/2020, 17:35:09"}
{"level":"warn","message":"WARN","timestamp":"6/9/2020, 17:35:09"}
{"level":"error","message":"ERROR","timestamp":"6/9/2020, 17:35:10"}
{"level":"info","message":"INFO","timestamp":"6/9/2020, 17:35:10"}
{"level":"warn","message":"WARN","timestamp":"6/9/2020, 17:35:10"}
{"level":"error","message":"ERROR","timestamp":"6/9/2020, 17:35:10"}
{"level":"info","message":"INFO","timestamp":"6/9/2020, 17:35:10"}
{"level":"warn","message":"WARN","timestamp":"6/9/2020, 17:35:10"}
{"level":"error","message":"ERROR","timestamp":"6/9/2020, 17:35:10"}
{"level":"info","message":"INFO","timestamp":"6/9/2020, 17:35:10"}
{"level":"warn","message":"WARN","timestamp":"6/9/2020, 17:35:10"}
{"level":"error","message":"Error from Boundary","timestamp":"6/9/2020, 17:35:10"}
{"level":"error","message":"Error from Boundary","timestamp":"6/9/2020, 17:35:10"}
{"level":"error","message":"ERROR","timestamp":"6/9/2020, 17:39:17"}
{"level":"info","message":"INFO","timestamp":"6/9/2020, 17:39:17"}
{"level":"warn","message":"WARN","timestamp":"6/9/2020, 17:39:17"}
{"level":"error","message":"ERROR","timestamp":"6/9/2020, 17:39:17"}
{"level":"info","message":"INFO","timestamp":"6/9/2020, 17:39:17"}
{"level":"warn","message":"WARN","timestamp":"6/9/2020, 17:39:17"}
{"level":"error","message":"ERROR","timestamp":"6/9/2020, 17:39:18"}
{"level":"info","message":"INFO","timestamp":"6/9/2020, 17:39:18"}
{"level":"warn","message":"WARN","timestamp":"6/9/2020, 17:39:18"}
{"level":"error","message":"ERROR","timestamp":"6/9/2020, 17:39:18"}
{"level":"info","message":"INFO","timestamp":"6/9/2020, 17:39:18"}
{"level":"warn","message":"WARN","timestamp":"6/9/2020, 17:39:18"}
{"level":"error","message":"ERROR","timestamp":"6/9/2020, 17:39:18"}
{"level":"info","message":"INFO","timestamp":"6/9/2020, 17:39:18"}
{"level":"warn","message":"WARN","timestamp":"6/9/2020, 17:39:18"}
{"level":"error","message":"Error from Boundary","timestamp":"6/9/2020, 17:39:18"}
{"level":"error","message":"Error from Boundary","timestamp":"6/9/2020, 17:39:18"}
{"level":"error","message":"ERROR","timestamp":"6/9/2020, 17:40:45"}
{"level":"info","message":"INFO","timestamp":"6/9/2020, 17:40:45"}
{"level":"warn","message":"WARN","timestamp":"6/9/2020, 17:40:45"}
{"level":"error","message":"ERROR","timestamp":"6/9/2020, 17:42:16"}
{"level":"info","message":"INFO","timestamp":"6/9/2020, 17:42:16"}
{"level":"warn","message":"WARN","timestamp":"6/9/2020, 17:42:16"}
{"level":"error","message":"ERROR","timestamp":"6/9/2020, 17:42:16"}
{"level":"info","message":"INFO","timestamp":"6/9/2020, 17:42:16"}
{"level":"warn","message":"WARN","timestamp":"6/9/2020, 17:42:16"}
{"level":"error","message":"ERROR","timestamp":"6/10/2020, 11:22:25"}
{"level":"info","message":"INFO","timestamp":"6/10/2020, 11:22:25"}
{"level":"warn","message":"WARN","timestamp":"6/10/2020, 11:22:25"}
{"level":"error","message":"ERROR","timestamp":"6/10/2020, 11:22:25"}
{"level":"info","message":"INFO","timestamp":"6/10/2020, 11:22:25"}
{"level":"warn","message":"WARN","timestamp":"6/10/2020, 11:22:25"}
{"level":"error","message":"ERROR","timestamp":"6/10/2020, 11:22:25"}
{"level":"info","message":"INFO","timestamp":"6/10/2020, 11:22:25"}
{"level":"warn","message":"WARN","timestamp":"6/10/2020, 11:22:25"}
{"level":"error","message":"ERROR","timestamp":"6/10/2020, 11:22:26"}
{"level":"info","message":"INFO","timestamp":"6/10/2020, 11:22:26"}
{"level":"warn","message":"WARN","timestamp":"6/10/2020, 11:22:26"}
{"level":"error","message":"ERROR","timestamp":"6/10/2020, 11:26:25"}
{"level":"info","message":"INFO","timestamp":"6/10/2020, 11:26:25"}
{"level":"warn","message":"WARN","timestamp":"6/10/2020, 11:26:25"}
{"level":"error","message":"ERROR","timestamp":"6/10/2020, 11:26:33"}
{"level":"info","message":"INFO","timestamp":"6/10/2020, 11:26:33"}
{"level":"warn","message":"WARN","timestamp":"6/10/2020, 11:26:33"}
{"level":"error","message":"ERROR","timestamp":"6/10/2020, 11:26:35"}
{"level":"info","message":"INFO","timestamp":"6/10/2020, 11:26:35"}
{"level":"warn","message":"WARN","timestamp":"6/10/2020, 11:26:35"}
